<?xml version="1.0" encoding="UTF-8"?>
<testsuite xmlns:xsi="http://www.w3.org/2001/XMLSchema-instance" xsi:noNamespaceSchemaLocation="https://maven.apache.org/surefire/maven-surefire-plugin/xsd/surefire-test-report-3.0.xsd" version="3.0" name="com.hotel.service.BookingServiceTest" time="0.015" tests="3" errors="0" skipped="0" failures="0">
  <properties>
[...]
</properties>
  <testcase name="testCustomerOperations" classname="com.hotel.service.BookingServiceTest" time="0.004">
    <system-out><![CDATA[=== 测试客户操作 ===
1. 获取所有客户:
17:31:26.369 [main] DEBUG com.hotel.util.ConnectionPool - Database connection obtained
客户总数: 7
  - 徐安然 (ID:11, VIP:1)
  - 马鸣 (ID:6, VIP:1)
  - YuzeTong (ID:5, VIP:5)
  - 王大明 (ID:1, VIP:2)
  - 李小芳 (ID:2, VIP:1)
  - 张三 (ID:3, VIP:0)
  - 赵四 (ID:4, VIP:3)
]]></system-out>
  </testcase>
  <testcase name="testRoomOperations" classname="com.hotel.service.BookingServiceTest" time="0.004">
    <system-out><![CDATA[=== 测试房间操作 ===
1. 获取所有房间:
17:31:26.372 [main] DEBUG com.hotel.util.ConnectionPool - Database connection obtained
房间总数: 20
  - 房间101 (ID:1, 类型ID:1, 状态:CLEANING)
  - 房间102 (ID:2, 类型ID:1, 状态:CLEANING)
  - 房间103 (ID:3, 类型ID:1, 状态:AVAILABLE)
  - 房间111 (ID:4, 类型ID:2, 状态:CLEANING)
  - 房间112 (ID:5, 类型ID:2, 状态:AVAILABLE)
  - 房间113 (ID:6, 类型ID:2, 状态:AVAILABLE)
  - 房间201 (ID:7, 类型ID:1, 状态:CLEANING)
  - 房间202 (ID:8, 类型ID:1, 状态:OCCUPIED)
  - 房间203 (ID:9, 类型ID:1, 状态:CLEANING)
  - 房间211 (ID:10, 类型ID:2, 状态:AVAILABLE)
  - 房间212 (ID:11, 类型ID:2, 状态:AVAILABLE)
  - 房间213 (ID:12, 类型ID:2, 状态:OCCUPIED)
  - 房间301 (ID:13, 类型ID:3, 状态:CLEANING)
  - 房间302 (ID:14, 类型ID:3, 状态:CLEANING)
  - 房间303 (ID:15, 类型ID:3, 状态:MAINTENANCE)
  - 房间401 (ID:16, 类型ID:4, 状态:OCCUPIED)
  - 房间402 (ID:17, 类型ID:4, 状态:CLEANING)
  - 房间504 (ID:18, 类型ID:5, 状态:CLEANING)
  - 房间505 (ID:19, 类型ID:2, 状态:AVAILABLE)
  - 房间1001 (ID:20, 类型ID:5, 状态:MAINTENANCE)
]]></system-out>
  </testcase>
  <testcase name="testBookingServiceOperations" classname="com.hotel.service.BookingServiceTest" time="0.005">
    <system-out><![CDATA[=== 测试预订服务操作 ===
1. 获取所有预订:
17:31:26.375 [main] DEBUG com.hotel.util.ConnectionPool - Database connection obtained
预订总数: 12
  - 预订#20 客户ID:6 房间ID:1 状态:CHECKED_OUT
  - 预订#19 客户ID:11 房间ID:18 状态:CHECKED_OUT
  - 预订#16 客户ID:5 房间ID:4 状态:CHECKED_OUT
  - 预订#15 客户ID:5 房间ID:17 状态:CHECKED_OUT
  - 预订#14 客户ID:5 房间ID:13 状态:CHECKED_OUT
  - 预订#12 客户ID:5 房间ID:14 状态:CHECKED_OUT
  - 预订#8 客户ID:1 房间ID:9 状态:CHECKED_OUT
  - 预订#7 客户ID:5 房间ID:4 状态:CHECKED_OUT
  - 预订#6 客户ID:5 房间ID:7 状态:CHECKED_OUT
  - 预订#1 客户ID:1 房间ID:2 状态:CHECKED_OUT
  - 预订#2 客户ID:2 房间ID:12 状态:CHECKED_IN
  - 预订#4 客户ID:4 房间ID:16 状态:CHECKED_IN

2. 根据ID获取预订:
17:31:26.380 [main] DEBUG com.hotel.util.ConnectionPool - Database connection obtained
找到预订: #20
  客户: 马鸣
  房间: 101

3. 获取今日入住:
17:31:26.382 [main] DEBUG com.hotel.util.ConnectionPool - Database connection obtained
今日入住数量: 2
  - 预订#19 入住日期:2025-10-12
  - 预订#20 入住日期:2025-10-12

4. 获取今日退房:
17:31:26.385 [main] DEBUG com.hotel.util.ConnectionPool - Database connection obtained
今日退房数量: 0

5. 根据状态获取预订:
17:31:26.386 [main] DEBUG com.hotel.util.ConnectionPool - Database connection obtained
已确认预订数量: 0

6. 测试创建新预订:
17:31:26.388 [main] DEBUG com.hotel.util.ConnectionPool - Database connection obtained
17:31:26.391 [main] DEBUG com.hotel.util.ConnectionPool - Database connection obtained
创建预订时出错: 房间在指定时间段不可用
]]></system-out>
  </testcase>
</testsuite>