<?xml version="1.0" encoding="UTF-8"?>
<testsuite xmlns:xsi="http://www.w3.org/2001/XMLSchema-instance" xsi:noNamespaceSchemaLocation="https://maven.apache.org/surefire/maven-surefire-plugin/xsd/surefire-test-report-3.0.xsd" version="3.0" name="com.hotel.util.DatabaseConnectionTest" time="0.018" tests="3" errors="0" skipped="0" failures="0">
  <properties>
[...]
</properties>
  <testcase name="testDatabaseConnection" classname="com.hotel.util.DatabaseConnectionTest" time="0.003">
    <system-out><![CDATA[=== 测试数据库连接 ===
连接池初始化成功
17:31:26.401 [main] DEBUG com.hotel.util.ConnectionPool - Database connection obtained
获取数据库连接成功
连接有效性测试: 成功
查询测试成功，结果: 1
数据库连接测试完成
]]></system-out>
  </testcase>
  <testcase name="testRoomOperations" classname="com.hotel.util.DatabaseConnectionTest" time="0.006">
    <system-out><![CDATA[=== 测试房间表操作 ===
17:31:26.404 [main] DEBUG com.hotel.util.ConnectionPool - Database connection obtained
1. 查询房间类型:
  - 标准单人间 (¥188.00/晚)
  - 标准双人间 (¥268.00/晚)
  - 豪华套房 (¥588.00/晚)
  - 总统套房 (¥1288.00/晚)
  - 超级豪华总统套房 (¥100000.00/晚)

2. 查询所有房间:
  - 房间1001 (超级豪华总统套房, MAINTENANCE)
  - 房间101 (标准单人间, CLEANING)
  - 房间102 (标准单人间, CLEANING)
  - 房间103 (标准单人间, AVAILABLE)
  - 房间111 (标准双人间, CLEANING)
  - 房间112 (标准双人间, AVAILABLE)
  - 房间113 (标准双人间, AVAILABLE)
  - 房间201 (标准单人间, CLEANING)
  - 房间202 (标准单人间, OCCUPIED)
  - 房间203 (标准单人间, CLEANING)
  - 房间211 (标准双人间, AVAILABLE)
  - 房间212 (标准双人间, AVAILABLE)
  - 房间213 (标准双人间, OCCUPIED)
  - 房间301 (豪华套房, CLEANING)
  - 房间302 (豪华套房, CLEANING)
  - 房间303 (豪华套房, MAINTENANCE)
  - 房间401 (总统套房, OCCUPIED)
  - 房间402 (总统套房, CLEANING)
  - 房间504 (超级豪华总统套房, CLEANING)
  - 房间505 (标准双人间, AVAILABLE)

3. 查询所有预订:
  - 预订#20 马鸣 房间101 (2025-10-12 至 2025-10-13) CHECKED_OUT
  - 预订#19 徐安然 房间504 (2025-10-12 至 2025-10-13) CHECKED_OUT
  - 预订#16 YuzeTong 房间111 (2025-10-01 至 2025-10-04) CHECKED_OUT
  - 预订#15 YuzeTong 房间402 (2025-09-26 至 2025-09-30) CHECKED_OUT
  - 预订#14 YuzeTong 房间301 (2025-09-26 至 2025-09-28) CHECKED_OUT
  - 预订#12 YuzeTong 房间302 (2025-09-26 至 2025-09-28) CHECKED_OUT
  - 预订#8 王大明 房间203 (2025-09-26 至 2025-09-28) CHECKED_OUT
  - 预订#7 YuzeTong 房间111 (2025-09-26 至 2025-09-28) CHECKED_OUT
  - 预订#6 YuzeTong 房间201 (2025-09-26 至 2025-09-28) CHECKED_OUT
  - 预订#1 王大明 房间102 (2025-09-26 至 2025-09-28) CHECKED_OUT
  - 预订#2 李小芳 房间213 (2025-09-25 至 2025-09-27) CHECKED_IN
  - 预订#4 赵四 房间401 (2025-10-01 至 2025-10-03) CHECKED_IN
]]></system-out>
  </testcase>
  <testcase name="testUserTableOperations" classname="com.hotel.util.DatabaseConnectionTest" time="0.008">
    <system-out><![CDATA[=== 测试用户表操作 ===
1. 查询所有用户:
17:31:26.410 [main] DEBUG com.hotel.util.ConnectionPool - Database connection obtained
用户总数: 5
  - 帅哥 (佟雨泽)
  - 佟雨泽 (佟雨泽)
  - admin (系统管理员)
  - staff001 (张小明)
  - staff002 (李小红)

2. 根据用户名查询:
17:31:26.412 [main] DEBUG com.hotel.util.ConnectionPool - Database connection obtained
找到管理员: 系统管理员

3. 测试用户认证:
17:31:26.414 [main] DEBUG com.hotel.util.ConnectionPool - Database connection obtained
用户认证成功: 系统管理员

4. 测试插入新用户:
17:31:26.416 [main] DEBUG com.hotel.util.ConnectionPool - Database connection obtained
17:31:26.422 [main] INFO  com.hotel.dao.impl.UserDAOImpl - User inserted successfully with ID: 13
插入用户成功，ID: 13

5. 测试更新用户:
17:31:26.422 [main] DEBUG com.hotel.util.ConnectionPool - Database connection obtained
17:31:26.424 [main] DEBUG com.hotel.util.ConnectionPool - Database connection obtained
17:31:26.428 [main] INFO  com.hotel.dao.impl.UserDAOImpl - User updated successfully with ID: 13
更新结果: 成功

6. 测试删除用户:
17:31:26.429 [main] DEBUG com.hotel.util.ConnectionPool - Database connection obtained
17:31:26.435 [main] INFO  com.hotel.dao.impl.UserDAOImpl - User deleted successfully with ID: 13
删除结果: 成功
]]></system-out>
  </testcase>
</testsuite>