<?xml version="1.0" encoding="UTF-8"?>
<testsuite xmlns:xsi="http://www.w3.org/2001/XMLSchema-instance" xsi:noNamespaceSchemaLocation="https://maven.apache.org/surefire/maven-surefire-plugin/xsd/surefire-test-report-3.0.xsd" version="3.0" name="com.hotel.dao.BookingConflictTest" time="0.009" tests="2" errors="0" skipped="0" failures="0">
  <properties>
[...]
</properties>
  <testcase name="testConflictLogic" classname="com.hotel.dao.BookingConflictTest" time="0.006">
    <system-out><![CDATA[=== 测试预订日期冲突逻辑 ===
现有预订：2025-09-26 到 2025-09-28

测试 1: 早于现有预订（应该无冲突）
新预订：2025-09-24 到 2025-09-26
冲突检查结果: 无冲突 ✅
✅ 检查结果正确

测试 2: 晚于现有预订（应该无冲突）
新预订：2025-09-28 到 2025-09-30
冲突检查结果: 无冲突 ✅
✅ 检查结果正确

测试 3: 跨越入住日期（应该有冲突）
新预订：2025-09-25 到 2025-09-27
冲突检查结果: 有冲突 ❌
✅ 检查结果正确

测试 4: 跨越退房日期（应该有冲突）
新预订：2025-09-27 到 2025-09-29
冲突检查结果: 有冲突 ❌
✅ 检查结果正确

测试 5: 完全重叠（应该有冲突）
新预订：2025-09-26 到 2025-09-28
冲突检查结果: 有冲突 ❌
✅ 检查结果正确

测试 6: 完全包含现有预订（应该有冲突）
新预订：2025-09-25 到 2025-09-29
冲突检查结果: 有冲突 ❌
✅ 检查结果正确

测试 7: 在现有预订期间内（应该有冲突）
新预订：2025-09-27 到 2025-09-27
冲突检查结果: 有冲突 ❌
✅ 检查结果正确

冲突逻辑测试完成
]]></system-out>
  </testcase>
  <testcase name="testSQLLogicExplanation" classname="com.hotel.dao.BookingConflictTest" time="0.002">
    <system-out><![CDATA[
=== SQL冲突检查逻辑说明 ===

修复前的问题SQL：
WHERE ... AND ((b.check_in_date < ? AND b.check_out_date > ?) OR ...
问题：逻辑过于复杂且有错误，导致误报冲突

修复后的正确SQL：
WHERE ... AND NOT (b.check_out_date <= ? OR b.check_in_date >= ?)
逻辑：使用德摩根定律，检查"不是无冲突"即为"有冲突"

无冲突的情况：
1. 现有预订在新预订之前结束：existing_checkout <= new_checkin
2. 现有预订在新预订之后开始：existing_checkin >= new_checkout

有冲突 = NOT(无冲突) = NOT(情况1 OR 情况2)
参数绑定：? = new_checkin, ? = new_checkout

这样的逻辑更简洁、正确，避免了复杂的多条件判断
]]></system-out>
  </testcase>
</testsuite>