<?xml version="1.0" encoding="UTF-8"?>
<testsuite xmlns:xsi="http://www.w3.org/2001/XMLSchema-instance" xsi:noNamespaceSchemaLocation="https://maven.apache.org/surefire/maven-surefire-plugin/xsd/surefire-test-report-3.0.xsd" version="3.0" name="com.hotel.controller.BookingControllerParameterTest" time="0.068" tests="3" errors="0" skipped="0" failures="0">
  <properties>
[...]
</properties>
  <testcase name="testErrorMessageFormat" classname="com.hotel.controller.BookingControllerParameterTest" time="0.008">
    <system-out><![CDATA[=== 测试错误信息格式 ===
预期的错误信息:
- empty_customer: 客户不能为空
- empty_room: 房间不能为空
- empty_checkin: 入住日期不能为空
- empty_checkout: 退房日期不能为空
- empty_guests: 入住人数不能为空
- invalid_guests_zero: 入住人数必须为正数
- invalid_guests_negative: 入住人数必须为正数
- invalid_date_order: 入住日期不能晚于退房日期

这些错误信息应该在前端正确显示给用户
错误信息格式测试完成

]]></system-out>
  </testcase>
  <testcase name="testGuestsCountValidation" classname="com.hotel.controller.BookingControllerParameterTest" time="0.003">
    <system-out><![CDATA[
=== 测试入住人数验证逻辑 ===
测试值: '' -> ❌ 参数为空或null - 应该显示错误: 入住人数不能为空
测试值: '0' -> ❌ 入住人数 ≤ 0 - 应该显示错误: 入住人数必须为正数
测试值: '-1' -> ❌ 入住人数 ≤ 0 - 应该显示错误: 入住人数必须为正数
测试值: '1' -> ✅ 验证通过 - 入住人数: 1
测试值: '2' -> ✅ 验证通过 - 入住人数: 2
测试值: '5' -> ✅ 验证通过 - 入住人数: 5
测试值: 'abc' -> ❌ 数字格式错误 - 应该显示错误: 入住人数格式不正确
测试值: 'null' -> ❌ 参数为空或null - 应该显示错误: 入住人数不能为空
测试值: '  ' -> ❌ 参数为空或null - 应该显示错误: 入住人数不能为空
测试值: '10' -> ✅ 验证通过 - 入住人数: 10
入住人数验证测试完成

]]></system-out>
  </testcase>
  <testcase name="testParameterProcessingFlow" classname="com.hotel.controller.BookingControllerParameterTest" time="0.005">
    <system-out><![CDATA[=== 测试参数处理流程 ===
模拟参数:
- customerId: 1
- roomId: 101
- checkInDate: 2024-09-26
- checkOutDate: 2024-09-27
- guestsCount: 2
- specialRequests: 测试预订

验证结果:
✅ 客户ID验证通过
✅ 房间ID验证通过
✅ 入住日期验证通过
✅ 退房日期验证通过
✅ 入住人数验证通过: 2人

总体验证结果: ✅ 所有参数验证通过
参数处理流程测试完成

]]></system-out>
  </testcase>
</testsuite>